0 info it worked if it ends with ok
1 verbose cli [ 'C:\\Program Files\\nodejs\\node.exe',
1 verbose cli   'C:\\Program Files\\nodejs\\node_modules\\npm\\bin\\npm-cli.js',
1 verbose cli   'start' ]
2 info using npm@3.7.3
3 info using node@v5.8.0
4 verbose run-script [ 'prestart', 'start', 'poststart' ]
5 info lifecycle feliz@0.0.0~prestart: feliz@0.0.0
6 silly lifecycle feliz@0.0.0~prestart: no script for prestart, continuing
7 info lifecycle feliz@0.0.0~start: feliz@0.0.0
8 verbose lifecycle feliz@0.0.0~start: unsafe-perm in lifecycle true
9 verbose lifecycle feliz@0.0.0~start: PATH: C:\Program Files\nodejs\node_modules\npm\bin\node-gyp-bin;C:\proyectos\feliz\node_modules\.bin;C:\Program Files\nodejs;c:\opt\jdk\bin;C:\PostgreSQL9.1\bin;C:\PostgreSQL9.1\lib;C:\Program Files\Common Files\Microsoft Shared\Windows Live;C:\Program Files (x86)\Common Files\Microsoft Shared\Windows Live;C:\Windows\system32;C:\Windows;C:\Windows\System32\Wbem;C:\Windows\System32\WindowsPowerShell\v1.0\;C:\Program Files (x86)\Windows Live\Shared;C:\Program Files\Broadcom\Broadcom 802.11\Driver;C:\Program Files\WIDCOMM\Bluetooth Software\;C:\Program Files\WIDCOMM\Bluetooth Software\syswow64;C:\Program Files (x86)\Vim\vim73;c:\php;c:\php\ext;C:\Program Files (x86)\GTK2-Runtime\bin;C:\Program Files (x86)\Git\cmd;C:\Program Files (x86)\scala\\bin;C:\Program Files (x86)\Skype\Phone\;C:\Program Files (x86)\Windows Kits\8.1\Windows Performance Toolkit\;C:\Program Files\Microsoft SQL Server\110\Tools\Binn\;C:\Program Files (x86)\Microsoft SDKs\TypeScript\1.0\;C:\Program Files\Microsoft SQL Server\120\Tools\Binn\;C:\Program Files\Amazon\AWSCLI\;C:\Program Files\nodejs\;C:\Users\USER\AppData\Local\.meteor\;C:\Users\USER\AppData\Roaming\npm
10 verbose lifecycle feliz@0.0.0~start: CWD: C:\proyectos\feliz
11 silly lifecycle feliz@0.0.0~start: Args: [ '/d /s /c', 'node ./bin/www' ]
12 silly lifecycle feliz@0.0.0~start: Returned: code: 1  signal: null
13 info lifecycle feliz@0.0.0~start: Failed to exec start script
14 verbose stack Error: feliz@0.0.0 start: `node ./bin/www`
14 verbose stack Exit status 1
14 verbose stack     at EventEmitter.<anonymous> (C:\Program Files\nodejs\node_modules\npm\lib\utils\lifecycle.js:239:16)
14 verbose stack     at emitTwo (events.js:100:13)
14 verbose stack     at EventEmitter.emit (events.js:185:7)
14 verbose stack     at ChildProcess.<anonymous> (C:\Program Files\nodejs\node_modules\npm\lib\utils\spawn.js:24:14)
14 verbose stack     at emitTwo (events.js:100:13)
14 verbose stack     at ChildProcess.emit (events.js:185:7)
14 verbose stack     at maybeClose (internal/child_process.js:850:16)
14 verbose stack     at Process.ChildProcess._handle.onexit (internal/child_process.js:215:5)
15 verbose pkgid feliz@0.0.0
16 verbose cwd C:\proyectos\feliz
17 error Windows_NT 6.1.7601
18 error argv "C:\\Program Files\\nodejs\\node.exe" "C:\\Program Files\\nodejs\\node_modules\\npm\\bin\\npm-cli.js" "start"
19 error node v5.8.0
20 error npm  v3.7.3
21 error code ELIFECYCLE
22 error feliz@0.0.0 start: `node ./bin/www`
22 error Exit status 1
23 error Failed at the feliz@0.0.0 start script 'node ./bin/www'.
23 error Make sure you have the latest version of node.js and npm installed.
23 error If you do, this is most likely a problem with the feliz package,
23 error not with npm itself.
23 error Tell the author that this fails on your system:
23 error     node ./bin/www
23 error You can get information on how to open an issue for this project with:
23 error     npm bugs feliz
23 error Or if that isn't available, you can get their info via:
23 error     npm owner ls feliz
23 error There is likely additional logging output above.
24 verbose exit [ 1, true ]
